[debug] [2022-07-11T17:51:44.827Z] ----------------------------------------------------------------------
[debug] [2022-07-11T17:51:44.845Z] Command:       /usr/local/bin/node /usr/local/bin/firebase init
[debug] [2022-07-11T17:51:44.854Z] CLI Version:   11.2.0
[debug] [2022-07-11T17:51:44.854Z] Platform:      darwin
[debug] [2022-07-11T17:51:44.855Z] Node Version:  v16.14.0
[debug] [2022-07-11T17:51:45.133Z] Time:          Mon Jul 11 2022 12:51:44 GMT-0500 (hora de verano central)
[debug] [2022-07-11T17:51:45.133Z] ----------------------------------------------------------------------
[debug] 
[debug] [2022-07-11T17:51:45.295Z] > command requires scopes: ["email","openid","https://www.googleapis.com/auth/cloudplatformprojects.readonly","https://www.googleapis.com/auth/firebase","https://www.googleapis.com/auth/cloud-platform"]
[debug] [2022-07-11T17:51:45.296Z] > authorizing via signed-in user (victor.escalante@mymarketlogic.com)
[info] 
     ######## #### ########  ######## ########     ###     ######  ########
     ##        ##  ##     ## ##       ##     ##  ##   ##  ##       ##
     ######    ##  ########  ######   ########  #########  ######  ######
     ##        ##  ##    ##  ##       ##     ## ##     ##       ## ##
     ##       #### ##     ## ######## ########  ##     ##  ######  ########

You're about to initialize a Firebase project in this directory:

  /Users/developer/Documents/Proyectos/React/curso_coder/first-app

Before we get started, keep in mind:

  * You are initializing within an existing Firebase project directory

[info] 
=== Project Setup
[info] 
[info] First, let's associate this project directory with a Firebase project.
[info] You can create multiple project aliases by running firebase use --add, 
[info] but for now we'll just set up a default project.
[info] 
[debug] [2022-07-11T17:53:04.751Z] Using project from CLI flag: coder-project-c84c3
[debug] [2022-07-11T17:53:04.884Z] > refreshing access token with scopes: []
[debug] [2022-07-11T17:53:04.887Z] >>> [apiv2][query] POST https://www.googleapis.com/oauth2/v3/token [none]
[debug] [2022-07-11T17:53:04.887Z] >>> [apiv2][body] POST https://www.googleapis.com/oauth2/v3/token [omitted]
[debug] [2022-07-11T17:53:05.544Z] <<< [apiv2][status] POST https://www.googleapis.com/oauth2/v3/token 400
[debug] [2022-07-11T17:53:05.544Z] <<< [apiv2][body] POST https://www.googleapis.com/oauth2/v3/token [omitted]
[debug] [2022-07-11T17:53:05.545Z] >>> [apiv2][query] GET https://firebase.googleapis.com/v1beta1/projects/coder-project-c84c3 [none]
[debug] [2022-07-11T17:53:05.733Z] <<< [apiv2][status] GET https://firebase.googleapis.com/v1beta1/projects/coder-project-c84c3 401
[debug] [2022-07-11T17:53:05.733Z] <<< [apiv2][body] GET https://firebase.googleapis.com/v1beta1/projects/coder-project-c84c3 {"error":{"code":401,"message":"Request had invalid authentication credentials. Expected OAuth 2 access token, login cookie or other valid authentication credential. See https://developers.google.com/identity/sign-in/web/devconsole-project.","status":"UNAUTHENTICATED"}}
[debug] [2022-07-11T17:53:05.756Z] HTTP Error: 401, Request had invalid authentication credentials. Expected OAuth 2 access token, login cookie or other valid authentication credential. See https://developers.google.com/identity/sign-in/web/devconsole-project.
[debug] [2022-07-11T17:53:05.905Z] FirebaseError: HTTP Error: 401, Request had invalid authentication credentials. Expected OAuth 2 access token, login cookie or other valid authentication credential. See https://developers.google.com/identity/sign-in/web/devconsole-project.
    at responseToError (/usr/local/lib/node_modules/firebase-tools/lib/responseToError.js:49:12)
    at RetryOperation._fn (/usr/local/lib/node_modules/firebase-tools/lib/apiv2.js:287:77)
    at processTicksAndRejections (node:internal/process/task_queues:96:5)
[error] 
[error] Error: Failed to get Firebase project coder-project-c84c3. Please make sure the project exists and your account has permission to access it.
